Arguments: 
  /Users/fewspider/.nvm/versions/node/v12.0.0/bin/node /Users/fewspider/.yarn/bin/yarn.js run build

PATH: 
  /Users/fewspider/.rvm/gems/ruby-2.3.0/bin:/Users/fewspider/.rvm/gems/ruby-2.3.0@global/bin:/Users/fewspider/.rvm/rubies/ruby-2.3.0/bin:/usr/local/sbin:/usr/local/sbin:/usr/local/sbin:/usr/local/opt/gettext/bin:/Users/fewspider/.yarn/bin:/Users/fewspider/.nvm/versions/node/v12.0.0/bin:/usr/local/bin:/usr/bin:/bin:/usr/sbin:/sbin:/Applications/VMware Fusion.app/Contents/Public:/Applications/Wireshark.app/Contents/MacOS:/Users/fewspider/.rvm/bin

Yarn version: 
  1.15.2

Node version: 
  12.0.0

Platform: 
  darwin x64

Trace: 
  SyntaxError: /Users/fewspider/Workspace/projects/JsSafeJson/package.json: Unexpected token } in JSON at position 342
      at JSON.parse (<anonymous>)
      at /Users/fewspider/.yarn/lib/cli.js:1625:59
      at Generator.next (<anonymous>)
      at step (/Users/fewspider/.yarn/lib/cli.js:304:30)
      at /Users/fewspider/.yarn/lib/cli.js:315:13

npm manifest: 
  {
    "name": "js-safe-json",
    "version": "1.0.3",
    "description": "handle json data with safe & easy way",
    "main": "src/index.js",
    "scripts": {
      "start": "nodemon --exec babel-node ./src/index.js",
      "test": "mocha --require @babel/register",
      "build": "babel src -d dist && uglifyjs dist/index.js -c -m -o dist/index.min.js",
    },
    "repository": {
      "type": "git",
      "url": "git+https://github.com/fewspider/JsSafeJson.git"
    },
    "keywords": [
      "json"
    ],
    "author": "fewspider",
    "license": "MIT",
    "bugs": {
      "url": "https://github.com/fewspider/JsSafeJson/issues"
    },
    "homepage": "https://github.com/fewspider/JsSafeJson#readme",
    "devDependencies": {
      "@babel/cli": "^7.4.3",
      "@babel/core": "^7.4.3",
      "@babel/node": "^7.2.2",
      "@babel/plugin-proposal-object-rest-spread": "^7.4.3",
      "@babel/preset-env": "^7.4.3",
      "@babel/register": "^7.4.0",
      "chai": "^4.2.0",
      "mocha": "^6.1.4",
      "nodemon": "^1.18.11",
      "uglify-es": "^3.3.9",
      "underscore": "^1.9.1"
    }
  }

yarn manifest: 
  No manifest

Lockfile: 
  No lockfile
